Doxygen version used: 1.11.0 (9b424b03c9833626cd435af22a444888fbbb192d)
Searching for include files...
Searching for example files...
Searching for images...
Searching for dot files...
Searching for msc files...
Searching for dia files...
Searching for files to exclude
Searching INPUT for files to process...
Searching for files in directory b:/sometools/QtProjects/modbus_gen0/g/
Reading and parsing tag files
Parsing files
Preprocessing b:/sometools/QtProjects/modbus_gen0/g/main.c...
Parsing file b:/sometools/QtProjects/modbus_gen0/g/main.c...
Preprocessing b:/sometools/QtProjects/modbus_gen0/g/modbus_general.c...
Parsing file b:/sometools/QtProjects/modbus_gen0/g/modbus_general.c...
Preprocessing b:/sometools/QtProjects/modbus_gen0/g/modbus_general.h...
Parsing file b:/sometools/QtProjects/modbus_gen0/g/modbus_general.h...
Preprocessing b:/sometools/QtProjects/modbus_gen0/g/modbus_master.c...
Parsing file b:/sometools/QtProjects/modbus_gen0/g/modbus_master.c...
Preprocessing b:/sometools/QtProjects/modbus_gen0/g/modbus_master.h...
Parsing file b:/sometools/QtProjects/modbus_gen0/g/modbus_master.h...
Preprocessing b:/sometools/QtProjects/modbus_gen0/g/modbus_slave.c...
Parsing file b:/sometools/QtProjects/modbus_gen0/g/modbus_slave.c...
Preprocessing b:/sometools/QtProjects/modbus_gen0/g/modbus_slave.h...
Parsing file b:/sometools/QtProjects/modbus_gen0/g/modbus_slave.h...
Building macro definition list...
Building group list...
Building directory list...
Building namespace list...
Building file list...
Building class list...
Building concept list...
Computing nesting relations for classes...
Associating documentation with classes...
Associating documentation with concepts...
Associating documentation with modules...
Building example list...
Searching for enumerations...
Searching for documented typedefs...
Searching for members imported via using declarations...
Searching for included using directives...
Searching for documented variables...
Building interface member list...
Building member list...
Searching for friends...
Searching for documented defines...
Computing class inheritance relations...
Computing class usage relations...
Flushing cached template relations that have become invalid...
Computing class relations...
Add enum values to enums...
Searching for member function documentation...
Creating members for template instances...
Building page list...
Search for main page...
Computing page relations...
Determining the scope of groups...
Computing module relations...
Sorting lists...
Determining which enums are documented
Computing member relations...
Building full member lists recursively...
Adding members to member groups.
Computing member references...
Inheriting documentation...
Generating disk names...
Adding source references...
Adding xrefitems...
Sorting member lists...
Setting anonymous enum type...
Computing dependencies between directories...
Generating citations page...
Counting members...
Counting data structures...
Resolving user defined references...
Finding anchors and sections in the documentation...
Transferring function references...
Combining using relations...
Adding members to index pages...
Correcting members for VHDL...
Computing tooltip texts...
Generating style sheet...
Generating search indices...
Generating example documentation...
Generating file sources...
Generating code for file b:/sometools/QtProjects/modbus_gen0/g/modbus_general.h...
Generating code for file b:/sometools/QtProjects/modbus_gen0/g/modbus_master.h...
Generating code for file b:/sometools/QtProjects/modbus_gen0/g/modbus_slave.h...
Generating file documentation...
Generating docs for file b:/sometools/QtProjects/modbus_gen0/g/modbus_general.c...
Generating docs for file b:/sometools/QtProjects/modbus_gen0/g/modbus_general.h...
Generating docs for file b:/sometools/QtProjects/modbus_gen0/g/modbus_master.c...
Generating docs for file b:/sometools/QtProjects/modbus_gen0/g/modbus_master.h...
Generating docs for file b:/sometools/QtProjects/modbus_gen0/g/modbus_slave.c...
Generating docs for file b:/sometools/QtProjects/modbus_gen0/g/modbus_slave.h...
Generating page documentation...
Generating group documentation...
Generating class documentation...
Generating docs for compound MODBUS_MASTER_MSG_RTU_s...
Generating docs for compound MODBUS_SLAVE_MSG_RTU_s...
Generating concept documentation...
Generating module documentation...
Generating namespace documentation...
Generating graph info page...
Generating directory documentation...
Generating index page...
Generating page index...
Generating topic index...
Generating module index...
Generating module member index...
Generating namespace index...
Generating namespace member index...
Generating concept index...
Generating annotated compound index...
Generating alphabetical compound index...
Generating hierarchical class index...
Generating member index...
Generating file index...
Generating file member index...
Generating example index...
finalizing index lists...
writing tag file...
Running plantuml with JAVA...
type lookup cache used 161/65536 hits=794 misses=167
symbol lookup cache used 310/65536 hits=795 misses=310
finished...
